2025-05-20 00:12:29,835 [main] INFO : App started
2025-05-20 00:12:29,863 [main] DEBUG: set() called
2025-05-20 00:12:34,937 [main] ERROR: Entered type doesn't exist
2025-05-20 00:12:45,140 [main] DEBUG: setDEFAULT() called
2025-05-20 00:12:45,157 [main] DEBUG: Default level set to DEBUG
2025-05-20 00:12:45,158 [main] DEBUG: debug() called with message: null
2025-05-20 00:12:45,158 [main] ERROR: Message is null or blank!!!
2025-05-20 00:12:45,164 [main] DEBUG: info() called with message:           
2025-05-20 00:12:45,164 [main] ERROR: Message is null or blank!!!
2025-05-20 00:12:45,165 [main] DEBUG: debug() called with message: This is an debug message
2025-05-20 00:12:45,179 [main] DEBUG: info() called with message: This is an info message
2025-05-20 00:12:45,179 [main] DEBUG: warn() called with message: This is an warn message
2025-05-20 00:12:45,180 [main] DEBUG: error() called with message: This is an error message
2025-05-20 00:12:45,180 [main] DEBUG: fatal() called with message: This is an fatal message
2025-05-20 00:12:45,180 [main] INFO : App ended
2025-05-20 00:38:44,573 [main] INFO : App started
2025-05-20 00:38:44,578 [main] DEBUG: set() called
2025-05-20 00:39:18,456 [main] INFO : App started
2025-05-20 00:39:18,477 [main] DEBUG: set() called
2025-05-20 00:39:22,077 [main] DEBUG: setDEFAULT() called
2025-05-20 00:39:22,090 [main] DEBUG: Default level set to TRACE
2025-05-20 00:39:22,090 [main] DEBUG: debug() called with message: null
2025-05-20 00:39:22,090 [main] ERROR: Message is null or blank!!!
2025-05-20 00:39:22,095 [main] DEBUG: info() called with message:           
2025-05-20 00:39:22,095 [main] ERROR: Message is null or blank!!!
2025-05-20 00:39:22,096 [main] DEBUG: debug() called with message: This is an debug message
2025-05-20 00:39:22,096 [main] DEBUG: info() called with message: This is an info message
2025-05-20 00:39:22,096 [main] DEBUG: warn() called with message: This is an warn message
2025-05-20 00:39:22,097 [main] DEBUG: error() called with message: This is an error message
2025-05-20 00:39:22,097 [main] DEBUG: fatal() called with message: This is an fatal message
2025-05-20 00:39:22,097 [main] INFO : App ended
